\BOOKMARK [0][-]{chapter.1}{\376\377\000A\000n\000\341\000l\000i\000s\000i\000s\000\040\000V\000e\000c\000t\000o\000r\000i\000a\000l}{}% 1
\BOOKMARK [1][-]{section.1.1}{\376\377\000C\000o\000o\000r\000d\000e\000n\000a\000d\000a\000s\000\040\000c\000u\000r\000v\000i\000l\000\355\000n\000e\000a\000s\000\040\000o\000r\000t\000o\000g\000o\000n\000a\000l\000e\000s}{chapter.1}% 2
\BOOKMARK [2][-]{subsection.1.1.1}{\376\377\000E\000l\000e\000m\000e\000n\000t\000o\000s\000\040\000i\000n\000f\000i\000n\000i\000t\000e\000s\000i\000m\000a\000l\000e\000s}{section.1.1}% 3
\BOOKMARK [2][-]{subsection.1.1.2}{\376\377\000C\000o\000o\000r\000d\000e\000n\000a\000d\000a\000s\000\040\000c\000i\000l\000\355\000n\000d\000r\000i\000c\000a\000s}{section.1.1}% 4
\BOOKMARK [2][-]{subsection.1.1.3}{\376\377\000C\000o\000o\000r\000d\000e\000n\000a\000d\000a\000s\000\040\000e\000s\000f\000\351\000r\000i\000c\000a\000s}{section.1.1}% 5
\BOOKMARK [1][-]{section.1.2}{\376\377\000E\000l\000\040\000o\000p\000e\000r\000a\000d\000o\000r\000\040\000N\000a\000b\000l\000a}{chapter.1}% 6
\BOOKMARK [2][-]{subsection.1.2.1}{\376\377\000G\000r\000a\000d\000i\000e\000n\000t\000e}{section.1.2}% 7
\BOOKMARK [2][-]{subsection.1.2.2}{\376\377\000D\000i\000v\000e\000r\000g\000e\000n\000c\000i\000a}{section.1.2}% 8
\BOOKMARK [2][-]{subsection.1.2.3}{\376\377\000R\000o\000t\000a\000c\000i\000o\000n\000a\000l}{section.1.2}% 9
\BOOKMARK [2][-]{subsection.1.2.4}{\376\377\000I\000d\000e\000n\000t\000i\000d\000a\000d\000e\000s\000\040\000v\000e\000c\000t\000o\000r\000i\000a\000l\000e\000s}{section.1.2}% 10
\BOOKMARK [1][-]{section.1.3}{\376\377\000T\000e\000o\000r\000\355\000a\000\040\000d\000e\000l\000\040\000p\000o\000t\000e\000n\000c\000i\000a\000l}{chapter.1}% 11
\BOOKMARK [2][-]{subsection.1.3.1}{\376\377\000T\000e\000o\000r\000e\000m\000a\000\040\000d\000e\000\040\000H\000e\000l\000m\000h\000o\000l\000t\000z}{section.1.3}% 12
\BOOKMARK [0][-]{chapter.2}{\376\377\000I\000n\000t\000r\000o\000d\000u\000c\000c\000i\000\363\000n\000\040\000a\000\040\000l\000o\000s\000\040\000T\000e\000n\000s\000o\000r\000e\000s\000\040\000C\000a\000r\000t\000e\000s\000i\000a\000n\000o\000s}{}% 13
\BOOKMARK [1][-]{section.2.1}{\376\377\000T\000r\000a\000n\000s\000f\000o\000r\000m\000a\000c\000i\000o\000n\000e\000s\000\040\000O\000r\000t\000o\000g\000o\000n\000a\000l\000e\000s}{chapter.2}% 14
\BOOKMARK [2][-]{subsection.2.1.1}{\376\377\000C\000o\000n\000v\000e\000n\000i\000o\000\040\000d\000e\000\040\000s\000u\000m\000a\000\040\000d\000e\000\040\000E\000i\000n\000s\000t\000e\000i\000n}{section.2.1}% 15
\BOOKMARK [1][-]{section.2.2}{\376\377\000T\000e\000n\000s\000o\000r\000e\000s\000\040\000C\000a\000r\000t\000e\000s\000i\000a\000n\000o\000s}{chapter.2}% 16
\BOOKMARK [2][-]{subsection.2.2.1}{\376\377\000P\000r\000o\000p\000i\000e\000d\000a\000d\000e\000s}{section.2.2}% 17
\BOOKMARK [1][-]{section.2.3}{\376\377\000\301\000l\000g\000e\000b\000r\000a\000\040\000T\000e\000n\000s\000o\000r\000i\000a\000l}{chapter.2}% 18
\BOOKMARK [1][-]{section.2.4}{\376\377\000P\000s\000e\000u\000d\000o\000v\000e\000c\000t\000o\000r\000e\000s\000\040\000y\000\040\000p\000s\000e\000u\000d\000o\000t\000e\000n\000s\000o\000r\000e\000s}{chapter.2}% 19
\BOOKMARK [2][-]{subsection.2.4.1}{\376\377\000P\000r\000o\000p\000i\000e\000d\000a\000d\000e\000s}{section.2.4}% 20
\BOOKMARK [2][-]{subsection.2.4.2}{\376\377\000S\000\355\000m\000b\000o\000l\000o\000\040\000d\000e\000\040\000L\000e\000v\000i\000-\000C\000i\000v\000i\000t\000a}{section.2.4}% 21
\BOOKMARK [2][-]{subsection.2.4.3}{\376\377\000T\000e\000n\000s\000o\000r\000e\000s\000\040\000d\000u\000a\000l\000e\000s}{section.2.4}% 22
\BOOKMARK [1][-]{section.2.5}{\376\377\000A\000n\000\341\000l\000i\000s\000i\000s\000\040\000t\000e\000n\000s\000o\000r\000i\000a\000l}{chapter.2}% 23
\BOOKMARK [2][-]{subsection.2.5.1}{\376\377\000D\000e\000r\000i\000v\000a\000c\000i\000\363\000n}{section.2.5}% 24
\BOOKMARK [2][-]{subsection.2.5.2}{\376\377\000I\000n\000t\000e\000g\000r\000a\000c\000i\000\363\000n}{section.2.5}% 25
\BOOKMARK [1][-]{section.2.6}{\376\377\000C\000o\000v\000a\000r\000i\000a\000n\000z\000a\000\040\000y\000\040\000c\000o\000n\000t\000r\000a\000v\000a\000r\000i\000a\000n\000z\000a}{chapter.2}% 26
\BOOKMARK [0][-]{chapter.3}{\376\377\000S\000e\000r\000i\000e\000s\000\040\000N\000u\000m\000\351\000r\000i\000c\000a\000s\000\040\000y\000\040\000F\000u\000n\000c\000i\000o\000n\000a\000l\000e\000s}{}% 27
\BOOKMARK [1][-]{section.3.1}{\376\377\000S\000e\000r\000i\000e\000s\000\040\000n\000u\000m\000\351\000r\000i\000c\000a\000s}{chapter.3}% 28
\BOOKMARK [2][-]{subsection.3.1.1}{\376\377\000C\000o\000n\000v\000e\000r\000g\000e\000n\000c\000i\000a\000\040\000a\000b\000s\000o\000l\000u\000t\000a\000\040\000y\000\040\000c\000o\000n\000d\000i\000c\000i\000o\000n\000a\000l}{section.3.1}% 29
\BOOKMARK [2][-]{subsection.3.1.2}{\376\377\000C\000r\000i\000t\000e\000r\000i\000o\000s\000\040\000d\000e\000\040\000c\000o\000n\000v\000e\000r\000g\000e\000n\000c\000i\000a\000\040\000c\000o\000m\000u\000n\000e\000s}{section.3.1}% 30
\BOOKMARK [2][-]{subsection.3.1.3}{\376\377\000S\000e\000r\000i\000e\000s\000\040\000a\000l\000t\000e\000r\000n\000a\000d\000a\000s}{section.3.1}% 31
\BOOKMARK [2][-]{subsection.3.1.4}{\376\377\000\301\000l\000g\000e\000b\000r\000a\000\040\000d\000e\000\040\000S\000e\000r\000i\000e\000s}{section.3.1}% 32
\BOOKMARK [1][-]{section.3.2}{\376\377\000S\000e\000r\000i\000e\000s\000\040\000f\000u\000n\000c\000i\000o\000n\000a\000l\000e\000s}{chapter.3}% 33
\BOOKMARK [2][-]{subsection.3.2.1}{\376\377\000C\000o\000n\000v\000e\000r\000g\000e\000n\000c\000i\000a\000\040\000p\000u\000n\000t\000u\000a\000l\000\040\000y\000\040\000u\000n\000i\000f\000o\000r\000m\000e}{section.3.2}% 34
\BOOKMARK [2][-]{subsection.3.2.2}{\376\377\000S\000e\000r\000i\000e\000s\000\040\000d\000e\000\040\000p\000o\000t\000e\000n\000c\000i\000a\000s}{section.3.2}% 35
\BOOKMARK [2][-]{subsection.3.2.3}{\376\377\000E\000x\000p\000a\000n\000s\000i\000\363\000n\000\040\000e\000n\000\040\000s\000e\000r\000i\000e\000\040\000d\000e\000\040\000T\000a\000y\000l\000o\000r}{section.3.2}% 36
\BOOKMARK [0][-]{chapter.4}{\376\377\000E\000l\000e\000m\000e\000n\000t\000o\000s\000\040\000d\000e\000\040\000C\000\341\000l\000c\000u\000l\000o\000\040\000C\000o\000m\000p\000l\000e\000j\000o}{}% 37
\BOOKMARK [1][-]{section.4.1}{\376\377\000E\000l\000\040\000c\000o\000n\000j\000u\000n\000t\000o\000\040\000d\000e\000\040\000l\000o\000s\000\040\000n\000\372\000m\000e\000r\000o\000s\000\040\000c\000o\000m\000p\000l\000e\000j\000o\000s\000,\000\040\000C}{chapter.4}% 38
\BOOKMARK [2][-]{subsection.4.1.1}{\376\377\000N\000o\000c\000i\000o\000n\000e\000s\000\040\000d\000e\000\040\000t\000o\000p\000o\000l\000o\000g\000\355\000a\000\040\000e\000n\000\040\000C}{section.4.1}% 39
\BOOKMARK [1][-]{section.4.2}{\376\377\000F\000u\000n\000c\000i\000o\000n\000e\000s\000\040\000d\000e\000\040\000v\000a\000r\000i\000a\000b\000l\000e\000\040\000c\000o\000m\000p\000l\000e\000j\000a}{chapter.4}% 40
\BOOKMARK [1][-]{section.4.3}{\376\377\000D\000e\000r\000i\000v\000a\000b\000i\000l\000i\000d\000a\000d\000\040\000d\000e\000\040\000f\000u\000n\000c\000i\000o\000n\000e\000s\000\040\000c\000o\000m\000p\000l\000e\000j\000a\000s}{chapter.4}% 41
\BOOKMARK [2][-]{subsection.4.3.1}{\376\377\000E\000c\000u\000a\000c\000i\000o\000n\000e\000s\000\040\000d\000e\000\040\000C\000a\000u\000c\000h\000y\000-\000R\000i\000e\000m\000a\000n\000n}{section.4.3}% 42
\BOOKMARK [2][-]{subsection.4.3.2}{\376\377\000F\000u\000n\000c\000i\000o\000n\000e\000s\000\040\000a\000n\000a\000l\000\355\000t\000i\000c\000a\000s}{section.4.3}% 43
\BOOKMARK [2][-]{subsection.4.3.3}{\376\377\000F\000u\000n\000c\000i\000o\000n\000e\000s\000\040\000e\000l\000e\000m\000e\000n\000t\000a\000l\000e\000s}{section.4.3}% 44
\BOOKMARK [1][-]{section.4.4}{\376\377\000I\000n\000t\000e\000g\000r\000a\000c\000i\000\363\000n\000\040\000C\000o\000m\000p\000l\000e\000j\000a}{chapter.4}% 45
\BOOKMARK [2][-]{subsection.4.4.1}{\376\377\000F\000\363\000r\000m\000u\000l\000a\000\040\000I\000n\000t\000e\000g\000r\000a\000l\000\040\000d\000e\000\040\000C\000a\000u\000c\000h\000y}{section.4.4}% 46
\BOOKMARK [1][-]{section.4.5}{\376\377\000E\000x\000p\000a\000n\000s\000i\000o\000n\000e\000s\000\040\000e\000n\000\040\000s\000e\000r\000i\000e\000s}{chapter.4}% 47
\BOOKMARK [2][-]{subsection.4.5.1}{\376\377\000S\000e\000r\000i\000e\000\040\000d\000e\000\040\000T\000a\000y\000l\000o\000r}{section.4.5}% 48
\BOOKMARK [2][-]{subsection.4.5.2}{\376\377\000S\000e\000r\000i\000e\000\040\000d\000e\000\040\000L\000a\000u\000r\000e\000n\000t}{section.4.5}% 49
\BOOKMARK [2][-]{subsection.4.5.3}{\376\377\000S\000i\000n\000g\000u\000l\000a\000r\000i\000d\000a\000d\000e\000s\000,\000\040\000p\000o\000l\000o\000s\000\040\000y\000\040\000r\000e\000s\000i\000d\000u\000o\000s}{section.4.5}% 50
\BOOKMARK [2][-]{subsection.4.5.4}{\376\377\000I\000n\000t\000e\000g\000r\000a\000l\000e\000s\000\040\000d\000e\000f\000i\000n\000i\000d\000a\000s\000\040\000m\000e\000d\000i\000a\000n\000t\000e\000\040\000i\000n\000t\000e\000g\000r\000a\000l\000e\000s\000\040\000d\000e\000\040\000c\000o\000n\000t\000o\000r\000n\000o}{section.4.5}% 51
\BOOKMARK [0][-]{chapter.5}{\376\377\000T\000r\000a\000n\000s\000f\000o\000r\000m\000a\000d\000a\000s\000\040\000I\000n\000t\000e\000g\000r\000a\000l\000e\000s}{}% 52
\BOOKMARK [1][-]{section.5.1}{\376\377\000S\000e\000r\000i\000e\000\040\000d\000e\000\040\000F\000o\000u\000r\000i\000e\000r}{chapter.5}% 53
\BOOKMARK [2][-]{subsection.5.1.1}{\376\377\000P\000e\000r\000i\000o\000d\000i\000c\000i\000d\000a\000d\000\040\000y\000\040\000p\000a\000r\000i\000d\000a\000d\000\040\000d\000e\000\040\000f\000u\000n\000c\000i\000o\000n\000e\000s}{section.5.1}% 54
\BOOKMARK [2][-]{subsection.5.1.2}{\376\377\000S\000e\000r\000i\000e\000\040\000d\000e\000\040\000F\000o\000u\000r\000i\000e\000r\000\040\000t\000r\000i\000g\000o\000n\000o\000m\000\351\000t\000r\000i\000c\000a}{section.5.1}% 55
\BOOKMARK [2][-]{subsection.5.1.3}{\376\377\000S\000e\000r\000i\000e\000s\000\040\000d\000e\000\040\000s\000e\000n\000o\000s\000\040\000y\000\040\000c\000o\000s\000e\000n\000o\000s}{section.5.1}% 56
\BOOKMARK [2][-]{subsection.5.1.4}{\376\377\000S\000e\000r\000i\000e\000\040\000e\000x\000p\000o\000n\000e\000n\000c\000i\000a\000l}{section.5.1}% 57
\BOOKMARK [1][-]{section.5.2}{\376\377\000T\000r\000a\000n\000s\000f\000o\000r\000m\000a\000d\000a\000\040\000d\000e\000\040\000F\000o\000u\000r\000i\000e\000r}{chapter.5}% 58
\BOOKMARK [2][-]{subsection.5.2.1}{\376\377\000P\000r\000o\000p\000i\000e\000d\000a\000d\000e\000s\000\040\000d\000e\000\040\000l\000a\000\040\000t\000r\000a\000n\000s\000f\000o\000r\000m\000a\000d\000a\000\040\000d\000e\000\040\000F\000o\000u\000r\000i\000e\000r}{section.5.2}% 59
\BOOKMARK [2][-]{subsection.5.2.2}{\376\377\000T\000r\000a\000n\000s\000f\000o\000r\000m\000a\000d\000a\000s\000\040\000s\000e\000n\000o\000\040\000y\000\040\000c\000o\000s\000e\000n\000o}{section.5.2}% 60
\BOOKMARK [2][-]{subsection.5.2.3}{\376\377\000D\000e\000l\000t\000a\000\040\000d\000e\000\040\000D\000i\000r\000a\000c}{section.5.2}% 61
\BOOKMARK [2][-]{subsection.5.2.4}{\376\377\000R\000e\000p\000r\000e\000s\000e\000n\000t\000a\000c\000i\000\363\000n\000\040\000i\000n\000t\000e\000g\000r\000a\000l}{section.5.2}% 62
\BOOKMARK [2][-]{subsection.5.2.5}{\376\377\000D\000e\000l\000t\000a\000\040\000d\000e\000\040\000D\000i\000r\000a\000c\000\040\000t\000r\000i\000d\000i\000m\000e\000n\000s\000i\000o\000n\000a\000l}{section.5.2}% 63
\BOOKMARK [2][-]{subsection.5.2.6}{\376\377\000C\000o\000n\000v\000o\000l\000u\000c\000i\000\363\000n}{section.5.2}% 64
\BOOKMARK [1][-]{section.5.3}{\376\377\000T\000r\000a\000n\000s\000f\000o\000r\000m\000a\000d\000a\000\040\000d\000e\000\040\000L\000a\000p\000l\000a\000c\000e}{chapter.5}% 65
\BOOKMARK [2][-]{subsection.5.3.1}{\376\377\000T\000r\000a\000n\000s\000f\000o\000r\000m\000a\000d\000a\000\040\000i\000n\000v\000e\000r\000s\000a\000\040\000d\000e\000\040\000L\000a\000p\000l\000a\000c\000e}{section.5.3}% 66
\BOOKMARK [2][-]{subsection.5.3.2}{\376\377\000T\000E\000X\000T\000\040\000c\000o\000n\000\040\000p\000o\000l\000o\000s}{section.5.3}% 67
\BOOKMARK [2][-]{subsection.5.3.3}{\376\377\000P\000r\000o\000p\000i\000e\000d\000a\000d\000e\000s\000\040\000d\000e\000\040\000l\000a\000\040\000t\000r\000a\000n\000s\000f\000o\000r\000m\000a\000d\000a\000\040\000d\000e\000\040\000L\000a\000p\000l\000a\000c\000e}{section.5.3}% 68
\BOOKMARK [2][-]{subsection.5.3.4}{\376\377\000C\000o\000n\000v\000o\000l\000u\000c\000i\000\363\000n}{section.5.3}% 69
\BOOKMARK [2][-]{subsection.5.3.5}{\376\377\000A\000p\000l\000i\000c\000a\000c\000i\000o\000n\000e\000s\000\040\000d\000e\000\040\000l\000a\000\040\000t\000r\000a\000n\000s\000f\000o\000r\000m\000a\000d\000a\000\040\000d\000e\000\040\000L\000a\000p\000l\000a\000c\000e}{section.5.3}% 70
\BOOKMARK [0][-]{chapter.6}{\376\377\000F\000u\000n\000c\000i\000o\000n\000e\000s\000\040\000d\000e\000\040\000L\000e\000g\000e\000n\000d\000r\000e}{}% 71
\BOOKMARK [1][-]{section.6.1}{\376\377\000E\000c\000u\000a\000c\000i\000\363\000n\000\040\000y\000\040\000F\000u\000n\000c\000i\000o\000n\000e\000s\000\040\000d\000e\000\040\000L\000e\000g\000e\000n\000d\000r\000e}{chapter.6}% 72
\BOOKMARK [2][-]{subsection.6.1.1}{\376\377\000R\000e\000s\000o\000l\000v\000i\000e\000n\000d\000o\000\040\000l\000a\000\040\000e\000c\000u\000a\000c\000i\000\363\000n\000\040\000d\000e\000\040\000L\000e\000g\000e\000n\000d\000r\000e}{section.6.1}% 73
\BOOKMARK [2][-]{subsection.6.1.2}{\376\377\000F\000u\000n\000c\000i\000\363\000n\000\040\000G\000e\000n\000e\000r\000a\000t\000r\000i\000z}{section.6.1}% 74
\BOOKMARK [2][-]{subsection.6.1.3}{\376\377\000P\000r\000o\000p\000i\000e\000d\000a\000d\000e\000s}{section.6.1}% 75
\BOOKMARK [2][-]{subsection.6.1.4}{\376\377\000F\000u\000n\000c\000i\000o\000n\000e\000s\000\040\000d\000e\000\040\000L\000e\000g\000e\000n\000d\000r\000e\000\040\000d\000e\000\040\000s\000e\000g\000u\000n\000d\000a\000\040\000e\000s\000p\000e\000c\000i\000e}{section.6.1}% 76
\BOOKMARK [1][-]{section.6.2}{\376\377\000E\000c\000u\000a\000c\000i\000\363\000n\000\040\000y\000\040\000f\000u\000n\000c\000i\000o\000n\000e\000s\000\040\000a\000s\000o\000c\000i\000a\000d\000a\000s\000\040\000d\000e\000\040\000L\000e\000g\000e\000n\000d\000r\000e}{chapter.6}% 77
\BOOKMARK [2][-]{subsection.6.2.1}{\376\377\000R\000e\000s\000o\000l\000v\000i\000e\000n\000d\000o\000\040\000l\000a\000\040\000e\000c\000u\000a\000c\000i\000\363\000n\000\040\000a\000s\000o\000c\000i\000a\000d\000a\000\040\000d\000e\000\040\000L\000e\000g\000e\000n\000d\000r\000e}{section.6.2}% 78
\BOOKMARK [2][-]{subsection.6.2.2}{\376\377\000F\000u\000n\000c\000i\000\363\000n\000\040\000g\000e\000n\000e\000r\000a\000t\000r\000i\000z}{section.6.2}% 79
\BOOKMARK [2][-]{subsection.6.2.3}{\376\377\000P\000r\000o\000p\000i\000e\000d\000a\000d\000e\000s}{section.6.2}% 80
\BOOKMARK [1][-]{section.6.3}{\376\377\000A\000r\000m\000\363\000n\000i\000c\000o\000s\000\040\000E\000s\000f\000\351\000r\000i\000c\000o\000s}{chapter.6}% 81
\BOOKMARK [2][-]{subsection.6.3.1}{\376\377\000P\000r\000o\000p\000i\000e\000d\000a\000d\000e\000s}{section.6.3}% 82
\BOOKMARK [0][-]{appendix.Alph1}{\376\377\000E\000l\000\040\000M\000\351\000t\000o\000d\000o\000\040\000d\000e\000\040\000S\000e\000p\000a\000r\000a\000c\000i\000\363\000n\000\040\000d\000e\000\040\000V\000a\000r\000i\000a\000b\000l\000e\000s}{}% 83
\BOOKMARK [1][-]{section.Alph1.1}{\376\377\000R\000e\000s\000o\000l\000v\000i\000e\000n\000d\000o\000\040\000l\000a\000\040\000e\000c\000u\000a\000c\000i\000\363\000n\000\040\000d\000e\000\040\000H\000e\000l\000m\000h\000o\000l\000t\000z}{appendix.Alph1}% 84
\BOOKMARK [2][-]{subsection.Alph1.1.1}{\376\377\000C\000o\000o\000r\000d\000e\000n\000a\000d\000a\000s\000\040\000c\000a\000r\000t\000e\000s\000i\000a\000n\000a\000s}{section.Alph1.1}% 85
\BOOKMARK [2][-]{subsection.Alph1.1.2}{\376\377\000C\000o\000o\000r\000d\000e\000n\000a\000d\000a\000s\000\040\000c\000i\000l\000\355\000n\000d\000r\000i\000c\000a\000s}{section.Alph1.1}% 86
\BOOKMARK [2][-]{subsection.Alph1.1.3}{\376\377\000C\000o\000o\000r\000d\000e\000n\000a\000d\000a\000s\000\040\000e\000s\000f\000\351\000r\000i\000c\000a\000s}{section.Alph1.1}% 87
\BOOKMARK [1][-]{section.Alph1.2}{\376\377\000E\000l\000\040\000m\000\351\000t\000o\000d\000o\000\040\000d\000e\000\040\000s\000e\000r\000i\000e\000s\000\040\000p\000a\000r\000a\000\040\000E\000D\000O}{appendix.Alph1}% 88
\BOOKMARK [0][-]{appendix.Alph2}{\376\377\000C\000o\000o\000r\000d\000e\000n\000a\000d\000a\000s\000\040\000C\000u\000r\000v\000i\000l\000\355\000n\000e\000a\000s\000\040\000G\000e\000n\000e\000r\000a\000l\000i\000z\000a\000d\000a\000s}{}% 89
\BOOKMARK [0][-]{appendix*.33}{\376\377\000R\000e\000f\000e\000r\000e\000n\000c\000i\000a\000s}{}% 90
